<?xml version="1.0" encoding="UTF-8"?>
<!-- Generated by org.testng.reporters.JUnitReportReporter -->
<testsuite skipped="0" hostname="DESKTOP-UT1KFNK" name="test.Headlesstest" tests="1" failures="0" timestamp="2022-03-02T11:47:46 IST" time="11.369" errors="0">
  <testcase name="f" time="11.369" classname="test.Headlesstest"/>
  <system-out/>
</testsuite> <!-- test.Headlesstest -->
