<?xml version="1.0" encoding="UTF-8"?>
<!-- Generated by org.testng.reporters.JUnitReportReporter -->
<testsuite skipped="0" hostname="DESKTOP-UT1KFNK" name="test.sampletest" tests="3" failures="0" timestamp="2022-02-24T12:08:48 IST" time="43.769" errors="0">
  <testcase name="f3" time="12.500" classname="test.sampletest"/>
  <system-out/>
  <testcase name="f34" time="18.076" classname="test.sampletest"/>
  <system-out/>
  <testcase name="f2" time="13.193" classname="test.sampletest"/>
  <system-out/>
</testsuite> <!-- test.sampletest -->
