<?xml version="1.0" encoding="UTF-8"?>
<!-- Generated by org.testng.reporters.JUnitReportReporter -->
<testsuite skipped="0" hostname="DESKTOP-UT1KFNK" name="paralleltest.NewTest" tests="8" failures="0" timestamp="2022-02-25T11:31:18 IST" time="0.367" errors="0">
  <testcase name="f" time="0.059" classname="paralleltest.NewTest"/>
  <system-out/>
  <testcase name="f" time="0.045" classname="paralleltest.NewTest"/>
  <system-out/>
  <testcase name="f" time="0.065" classname="paralleltest.NewTest"/>
  <system-out/>
  <testcase name="f" time="0.059" classname="paralleltest.NewTest"/>
  <system-out/>
  <testcase name="f" time="0.015" classname="paralleltest.NewTest"/>
  <system-out/>
  <testcase name="f" time="0.028" classname="paralleltest.NewTest"/>
  <system-out/>
  <testcase name="f" time="0.031" classname="paralleltest.NewTest"/>
  <system-out/>
  <testcase name="f" time="0.065" classname="paralleltest.NewTest"/>
  <system-out/>
</testsuite> <!-- paralleltest.NewTest -->
