<?xml version="1.0" encoding="UTF-8"?>
<!-- Generated by org.testng.reporters.JUnitReportReporter -->
<testsuite hostname="DESKTOP-UT1KFNK" failures="0" tests="1" name="test.Googletest" time="75.956" errors="0" timestamp="2022-02-23T12:52:45 IST" skipped="0">
  <testcase classname="test.Googletest" name="f" time="75.956"/>
  <system-out/>
</testsuite> <!-- test.Googletest -->
